#! /c/iverilog/bin/vvp
:ivl_version "12.0 (devel)" "(s20150603-965-g55e06db6)";
:ivl_delay_selection "TYPICAL";
:vpi_time_precision + 0;
:vpi_module "C:\iverilog\lib\ivl\system.vpi";
:vpi_module "C:\iverilog\lib\ivl\vhdl_sys.vpi";
:vpi_module "C:\iverilog\lib\ivl\vhdl_textio.vpi";
:vpi_module "C:\iverilog\lib\ivl\v2005_math.vpi";
:vpi_module "C:\iverilog\lib\ivl\va_math.vpi";
:vpi_module "C:\iverilog\lib\ivl\v2009.vpi";
S_00000000011e6600 .scope package, "$unit" "$unit" 2 1;
 .timescale 0 0;
S_00000000011e6790 .scope module, "counter3bit" "counter3bit" 3 1;
 .timescale 0 0;
    .port_info 0 /INPUT 1 "clk";
    .port_info 1 /INPUT 1 "reset";
    .port_info 2 /INPUT 1 "set";
    .port_info 3 /INPUT 1 "load";
    .port_info 4 /OUTPUT 3 "count";
o0000000001236fb8 .functor BUFZ 1, C4<z>; HiZ drive
v00000000011e6b70_0 .net "clk", 0 0, o0000000001236fb8;  0 drivers
v00000000011ebd40_0 .var "count", 2 0;
o0000000001237018 .functor BUFZ 1, C4<z>; HiZ drive
v00000000011ebde0_0 .net "load", 0 0, o0000000001237018;  0 drivers
v00000000011ebe80_0 .var "next_count", 2 0;
o0000000001237078 .functor BUFZ 1, C4<z>; HiZ drive
v0000000001231e90_0 .net "reset", 0 0, o0000000001237078;  0 drivers
o00000000012370a8 .functor BUFZ 1, C4<z>; HiZ drive
v0000000001231f30_0 .net "set", 0 0, o00000000012370a8;  0 drivers
E_00000000011ece10 .event edge, v00000000011ebde0_0, v00000000011ebd40_0;
E_00000000011ecb90 .event posedge, v0000000001231e90_0, v00000000011e6b70_0;
    .scope S_00000000011e6790;
T_0 ;
    %wait E_00000000011ecb90;
    %load/vec4 v0000000001231e90_0;
    %flag_set/vec4 8;
    %jmp/0xz  T_0.0, 8;
    %pushi/vec4 0, 0, 3;
    %assign/vec4 v00000000011ebd40_0, 0;
    %jmp T_0.1;
T_0.0 ;
    %load/vec4 v0000000001231f30_0;
    %flag_set/vec4 8;
    %jmp/0xz  T_0.2, 8;
    %pushi/vec4 7, 0, 3;
    %assign/vec4 v00000000011ebd40_0, 0;
    %jmp T_0.3;
T_0.2 ;
    %load/vec4 v00000000011ebde0_0;
    %flag_set/vec4 8;
    %jmp/0xz  T_0.4, 8;
    %load/vec4 v00000000011ebe80_0;
    %assign/vec4 v00000000011ebd40_0, 0;
    %jmp T_0.5;
T_0.4 ;
    %load/vec4 v00000000011ebd40_0;
    %addi 1, 0, 3;
    %assign/vec4 v00000000011ebd40_0, 0;
T_0.5 ;
T_0.3 ;
T_0.1 ;
    %jmp T_0;
    .thread T_0;
    .scope S_00000000011e6790;
T_1 ;
    %wait E_00000000011ece10;
    %load/vec4 v00000000011ebde0_0;
    %flag_set/vec4 8;
    %jmp/0xz  T_1.0, 8;
    %load/vec4 v00000000011ebd40_0;
    %parti/s 2, 0, 2;
    %load/vec4 v00000000011ebd40_0;
    %parti/s 1, 2, 3;
    %concat/vec4; draw_concat_vec4
    %store/vec4 v00000000011ebe80_0, 0, 3;
T_1.0 ;
    %jmp T_1;
    .thread T_1, $push;
# The file index is used to find the file name in the following table.
:file_names 4;
    "N/A";
    "<interactive>";
    "-";
    "3bitcounter\counter3bit.v";
