#! /c/iverilog/bin/vvp
:ivl_version "12.0 (devel)" "(s20150603-965-g55e06db6)";
:ivl_delay_selection "TYPICAL";
:vpi_time_precision + 0;
:vpi_module "C:\iverilog\lib\ivl\system.vpi";
:vpi_module "C:\iverilog\lib\ivl\vhdl_sys.vpi";
:vpi_module "C:\iverilog\lib\ivl\vhdl_textio.vpi";
:vpi_module "C:\iverilog\lib\ivl\v2005_math.vpi";
:vpi_module "C:\iverilog\lib\ivl\va_math.vpi";
S_00000000010e6aa0 .scope module, "shiftregister" "shiftregister" 2 18;
 .timescale 0 0;
    .port_info 0 /INPUT 1 "D0";
    .port_info 1 /INPUT 1 "D1";
    .port_info 2 /INPUT 1 "D2";
    .port_info 3 /INPUT 1 "D3";
    .port_info 4 /INPUT 1 "SI";
    .port_info 5 /INPUT 1 "SH";
    .port_info 6 /INPUT 1 "L";
    .port_info 7 /INPUT 1 "CLK";
    .port_info 8 /OUTPUT 1 "Q0";
    .port_info 9 /OUTPUT 1 "Q1";
    .port_info 10 /OUTPUT 1 "Q2";
    .port_info 11 /OUTPUT 1 "Q3";
o00000000010eb7a8 .functor BUFZ 1, C4<z>; HiZ drive
v00000000010e2ee0_0 .net "CLK", 0 0, o00000000010eb7a8;  0 drivers
o00000000010eb5f8 .functor BUFZ 1, C4<z>; HiZ drive
v00000000010e2f80_0 .net "D0", 0 0, o00000000010eb5f8;  0 drivers
o00000000010eb418 .functor BUFZ 1, C4<z>; HiZ drive
v00000000010e3020_0 .net "D1", 0 0, o00000000010eb418;  0 drivers
o00000000010eb238 .functor BUFZ 1, C4<z>; HiZ drive
v00000000010e30c0_0 .net "D2", 0 0, o00000000010eb238;  0 drivers
o00000000010eb028 .functor BUFZ 1, C4<z>; HiZ drive
v00000000010e3160_0 .net "D3", 0 0, o00000000010eb028;  0 drivers
o00000000010eaf98 .functor BUFZ 1, C4<z>; HiZ drive
v00000000010e3520_0 .net "L", 0 0, o00000000010eaf98;  0 drivers
v00000000010e3200_0 .var "Q0", 0 0;
v00000000010e2620_0 .var "Q1", 0 0;
v00000000010e26c0_0 .var "Q2", 0 0;
v000000000113da90_0 .var "Q3", 0 0;
o00000000010eafc8 .functor BUFZ 1, C4<z>; HiZ drive
v000000000113d130_0 .net "SH", 0 0, o00000000010eafc8;  0 drivers
o00000000010eb058 .functor BUFZ 1, C4<z>; HiZ drive
v000000000113ed50_0 .net "SI", 0 0, o00000000010eb058;  0 drivers
v000000000113d6d0_0 .net "mux_o0", 0 0, v00000000010e2c60_0;  1 drivers
v000000000113e490_0 .net "mux_o1", 0 0, v00000000010e33e0_0;  1 drivers
v000000000113d3b0_0 .net "mux_o2", 0 0, v00000000010e2800_0;  1 drivers
v000000000113ddb0_0 .net "mux_o3", 0 0, v0000000001026800_0;  1 drivers
E_00000000010d7050 .event negedge, v00000000010e2ee0_0;
S_0000000001026490 .scope module, "fuu1" "mux4" 2 26, 2 1 0, S_00000000010e6aa0;
 .timescale 0 0;
    .port_info 0 /INPUT 1 "a";
    .port_info 1 /INPUT 1 "b";
    .port_info 2 /INPUT 1 "c";
    .port_info 3 /INPUT 1 "d";
    .port_info 4 /INPUT 1 "Sh";
    .port_info 5 /INPUT 1 "L";
    .port_info 6 /OUTPUT 1 "out";
v0000000001026b30_0 .net "L", 0 0, o00000000010eaf98;  alias, 0 drivers
v00000000010e6d00_0 .net "Sh", 0 0, o00000000010eafc8;  alias, 0 drivers
v00000000010e6da0_0 .net "a", 0 0, v000000000113da90_0;  1 drivers
v0000000001026620_0 .net "b", 0 0, o00000000010eb028;  alias, 0 drivers
v00000000010266c0_0 .net "c", 0 0, o00000000010eb058;  alias, 0 drivers
v0000000001026760_0 .net "d", 0 0, o00000000010eb058;  alias, 0 drivers
v0000000001026800_0 .var "out", 0 0;
E_00000000010d67d0/0 .event edge, v00000000010e6d00_0, v0000000001026b30_0, v00000000010e6da0_0, v0000000001026620_0;
E_00000000010d67d0/1 .event edge, v00000000010266c0_0, v00000000010266c0_0;
E_00000000010d67d0 .event/or E_00000000010d67d0/0, E_00000000010d67d0/1;
S_00000000010e21c0 .scope module, "fuu2" "mux4" 2 27, 2 1 0, S_00000000010e6aa0;
 .timescale 0 0;
    .port_info 0 /INPUT 1 "a";
    .port_info 1 /INPUT 1 "b";
    .port_info 2 /INPUT 1 "c";
    .port_info 3 /INPUT 1 "d";
    .port_info 4 /INPUT 1 "Sh";
    .port_info 5 /INPUT 1 "L";
    .port_info 6 /OUTPUT 1 "out";
v00000000010268a0_0 .net "L", 0 0, o00000000010eaf98;  alias, 0 drivers
v00000000010e2350_0 .net "Sh", 0 0, o00000000010eafc8;  alias, 0 drivers
v00000000010e23f0_0 .net "a", 0 0, v00000000010e26c0_0;  1 drivers
v00000000010e2490_0 .net "b", 0 0, o00000000010eb238;  alias, 0 drivers
v00000000010e2530_0 .net "c", 0 0, v0000000001026800_0;  alias, 1 drivers
v00000000010e29e0_0 .net "d", 0 0, v0000000001026800_0;  alias, 1 drivers
v00000000010e2800_0 .var "out", 0 0;
E_00000000010d6b10/0 .event edge, v00000000010e6d00_0, v0000000001026b30_0, v00000000010e23f0_0, v00000000010e2490_0;
E_00000000010d6b10/1 .event edge, v0000000001026800_0, v0000000001026800_0;
E_00000000010d6b10 .event/or E_00000000010d6b10/0, E_00000000010d6b10/1;
S_00000000010e39e0 .scope module, "fuu3" "mux4" 2 28, 2 1 0, S_00000000010e6aa0;
 .timescale 0 0;
    .port_info 0 /INPUT 1 "a";
    .port_info 1 /INPUT 1 "b";
    .port_info 2 /INPUT 1 "c";
    .port_info 3 /INPUT 1 "d";
    .port_info 4 /INPUT 1 "Sh";
    .port_info 5 /INPUT 1 "L";
    .port_info 6 /OUTPUT 1 "out";
v00000000010e28a0_0 .net "L", 0 0, o00000000010eaf98;  alias, 0 drivers
v00000000010e2d00_0 .net "Sh", 0 0, o00000000010eafc8;  alias, 0 drivers
v00000000010e2760_0 .net "a", 0 0, v00000000010e2620_0;  1 drivers
v00000000010e2bc0_0 .net "b", 0 0, o00000000010eb418;  alias, 0 drivers
v00000000010e2940_0 .net "c", 0 0, v00000000010e2800_0;  alias, 1 drivers
v00000000010e2da0_0 .net "d", 0 0, v00000000010e2800_0;  alias, 1 drivers
v00000000010e33e0_0 .var "out", 0 0;
E_00000000010d6990/0 .event edge, v00000000010e6d00_0, v0000000001026b30_0, v00000000010e2760_0, v00000000010e2bc0_0;
E_00000000010d6990/1 .event edge, v00000000010e2800_0, v00000000010e2800_0;
E_00000000010d6990 .event/or E_00000000010d6990/0, E_00000000010d6990/1;
S_00000000010e3bf0 .scope module, "fuu4" "mux4" 2 29, 2 1 0, S_00000000010e6aa0;
 .timescale 0 0;
    .port_info 0 /INPUT 1 "a";
    .port_info 1 /INPUT 1 "b";
    .port_info 2 /INPUT 1 "c";
    .port_info 3 /INPUT 1 "d";
    .port_info 4 /INPUT 1 "Sh";
    .port_info 5 /INPUT 1 "L";
    .port_info 6 /OUTPUT 1 "out";
v00000000010e3340_0 .net "L", 0 0, o00000000010eaf98;  alias, 0 drivers
v00000000010e2a80_0 .net "Sh", 0 0, o00000000010eafc8;  alias, 0 drivers
v00000000010e32a0_0 .net "a", 0 0, v00000000010e3200_0;  1 drivers
v00000000010e2e40_0 .net "b", 0 0, o00000000010eb5f8;  alias, 0 drivers
v00000000010e3480_0 .net "c", 0 0, v00000000010e33e0_0;  alias, 1 drivers
v00000000010e2b20_0 .net "d", 0 0, v00000000010e33e0_0;  alias, 1 drivers
v00000000010e2c60_0 .var "out", 0 0;
E_00000000010d6d90/0 .event edge, v00000000010e6d00_0, v0000000001026b30_0, v00000000010e32a0_0, v00000000010e2e40_0;
E_00000000010d6d90/1 .event edge, v00000000010e33e0_0, v00000000010e33e0_0;
E_00000000010d6d90 .event/or E_00000000010d6d90/0, E_00000000010d6d90/1;
    .scope S_0000000001026490;
T_0 ;
    %wait E_00000000010d67d0;
    %load/vec4 v00000000010e6d00_0;
    %load/vec4 v0000000001026b30_0;
    %concat/vec4; draw_concat_vec4
    %dup/vec4;
    %pushi/vec4 0, 0, 2;
    %cmp/u;
    %jmp/1 T_0.0, 6;
    %dup/vec4;
    %pushi/vec4 1, 0, 2;
    %cmp/u;
    %jmp/1 T_0.1, 6;
    %dup/vec4;
    %pushi/vec4 2, 0, 2;
    %cmp/u;
    %jmp/1 T_0.2, 6;
    %dup/vec4;
    %pushi/vec4 3, 0, 2;
    %cmp/u;
    %jmp/1 T_0.3, 6;
    %jmp T_0.4;
T_0.0 ;
    %load/vec4 v00000000010e6da0_0;
    %store/vec4 v0000000001026800_0, 0, 1;
    %jmp T_0.4;
T_0.1 ;
    %load/vec4 v0000000001026620_0;
    %store/vec4 v0000000001026800_0, 0, 1;
    %jmp T_0.4;
T_0.2 ;
    %load/vec4 v00000000010266c0_0;
    %store/vec4 v0000000001026800_0, 0, 1;
    %jmp T_0.4;
T_0.3 ;
    %load/vec4 v0000000001026760_0;
    %store/vec4 v0000000001026800_0, 0, 1;
    %jmp T_0.4;
T_0.4 ;
    %pop/vec4 1;
    %jmp T_0;
    .thread T_0, $push;
    .scope S_00000000010e21c0;
T_1 ;
    %wait E_00000000010d6b10;
    %load/vec4 v00000000010e2350_0;
    %load/vec4 v00000000010268a0_0;
    %concat/vec4; draw_concat_vec4
    %dup/vec4;
    %pushi/vec4 0, 0, 2;
    %cmp/u;
    %jmp/1 T_1.0, 6;
    %dup/vec4;
    %pushi/vec4 1, 0, 2;
    %cmp/u;
    %jmp/1 T_1.1, 6;
    %dup/vec4;
    %pushi/vec4 2, 0, 2;
    %cmp/u;
    %jmp/1 T_1.2, 6;
    %dup/vec4;
    %pushi/vec4 3, 0, 2;
    %cmp/u;
    %jmp/1 T_1.3, 6;
    %jmp T_1.4;
T_1.0 ;
    %load/vec4 v00000000010e23f0_0;
    %store/vec4 v00000000010e2800_0, 0, 1;
    %jmp T_1.4;
T_1.1 ;
    %load/vec4 v00000000010e2490_0;
    %store/vec4 v00000000010e2800_0, 0, 1;
    %jmp T_1.4;
T_1.2 ;
    %load/vec4 v00000000010e2530_0;
    %store/vec4 v00000000010e2800_0, 0, 1;
    %jmp T_1.4;
T_1.3 ;
    %load/vec4 v00000000010e29e0_0;
    %store/vec4 v00000000010e2800_0, 0, 1;
    %jmp T_1.4;
T_1.4 ;
    %pop/vec4 1;
    %jmp T_1;
    .thread T_1, $push;
    .scope S_00000000010e39e0;
T_2 ;
    %wait E_00000000010d6990;
    %load/vec4 v00000000010e2d00_0;
    %load/vec4 v00000000010e28a0_0;
    %concat/vec4; draw_concat_vec4
    %dup/vec4;
    %pushi/vec4 0, 0, 2;
    %cmp/u;
    %jmp/1 T_2.0, 6;
    %dup/vec4;
    %pushi/vec4 1, 0, 2;
    %cmp/u;
    %jmp/1 T_2.1, 6;
    %dup/vec4;
    %pushi/vec4 2, 0, 2;
    %cmp/u;
    %jmp/1 T_2.2, 6;
    %dup/vec4;
    %pushi/vec4 3, 0, 2;
    %cmp/u;
    %jmp/1 T_2.3, 6;
    %jmp T_2.4;
T_2.0 ;
    %load/vec4 v00000000010e2760_0;
    %store/vec4 v00000000010e33e0_0, 0, 1;
    %jmp T_2.4;
T_2.1 ;
    %load/vec4 v00000000010e2bc0_0;
    %store/vec4 v00000000010e33e0_0, 0, 1;
    %jmp T_2.4;
T_2.2 ;
    %load/vec4 v00000000010e2940_0;
    %store/vec4 v00000000010e33e0_0, 0, 1;
    %jmp T_2.4;
T_2.3 ;
    %load/vec4 v00000000010e2da0_0;
    %store/vec4 v00000000010e33e0_0, 0, 1;
    %jmp T_2.4;
T_2.4 ;
    %pop/vec4 1;
    %jmp T_2;
    .thread T_2, $push;
    .scope S_00000000010e3bf0;
T_3 ;
    %wait E_00000000010d6d90;
    %load/vec4 v00000000010e2a80_0;
    %load/vec4 v00000000010e3340_0;
    %concat/vec4; draw_concat_vec4
    %dup/vec4;
    %pushi/vec4 0, 0, 2;
    %cmp/u;
    %jmp/1 T_3.0, 6;
    %dup/vec4;
    %pushi/vec4 1, 0, 2;
    %cmp/u;
    %jmp/1 T_3.1, 6;
    %dup/vec4;
    %pushi/vec4 2, 0, 2;
    %cmp/u;
    %jmp/1 T_3.2, 6;
    %dup/vec4;
    %pushi/vec4 3, 0, 2;
    %cmp/u;
    %jmp/1 T_3.3, 6;
    %jmp T_3.4;
T_3.0 ;
    %load/vec4 v00000000010e32a0_0;
    %store/vec4 v00000000010e2c60_0, 0, 1;
    %jmp T_3.4;
T_3.1 ;
    %load/vec4 v00000000010e2e40_0;
    %store/vec4 v00000000010e2c60_0, 0, 1;
    %jmp T_3.4;
T_3.2 ;
    %load/vec4 v00000000010e3480_0;
    %store/vec4 v00000000010e2c60_0, 0, 1;
    %jmp T_3.4;
T_3.3 ;
    %load/vec4 v00000000010e2b20_0;
    %store/vec4 v00000000010e2c60_0, 0, 1;
    %jmp T_3.4;
T_3.4 ;
    %pop/vec4 1;
    %jmp T_3;
    .thread T_3, $push;
    .scope S_00000000010e6aa0;
T_4 ;
    %wait E_00000000010d7050;
    %load/vec4 v000000000113ddb0_0;
    %assign/vec4 v000000000113da90_0, 0;
    %load/vec4 v000000000113d3b0_0;
    %assign/vec4 v00000000010e26c0_0, 0;
    %load/vec4 v000000000113e490_0;
    %assign/vec4 v00000000010e2620_0, 0;
    %load/vec4 v000000000113d6d0_0;
    %assign/vec4 v00000000010e3200_0, 0;
    %jmp T_4;
    .thread T_4;
# The file index is used to find the file name in the following table.
:file_names 3;
    "N/A";
    "<interactive>";
    "parallel.v";
